<?xml version="1.0" encoding="UTF-8"?>
<testng-results ignored="0" total="1" passed="1" failed="0" skipped="0">
  <reporter-output>
  </reporter-output>
  <suite started-at="2023-08-21T09:10:03 IST" name="Default suite" finished-at="2023-08-21T09:10:03 IST" duration-ms="36">
    <groups>
    </groups>
    <test started-at="2023-08-21T09:10:03 IST" name="Default test" finished-at="2023-08-21T09:10:03 IST" duration-ms="36">
      <class name="Test1">
        <test-method signature="demo()[pri:0, instance:Test1@313ac989]" started-at="2023-08-21T09:10:03 IST" name="demo" finished-at="2023-08-21T09:10:03 IST" duration-ms="10" status="PASS">
          <reporter-output>
          </reporter-output>
        </test-method> <!-- demo -->
      </class> <!-- Test1 -->
    </test> <!-- Default test -->
  </suite> <!-- Default suite -->
</testng-results>
